# JRE version: OpenJDK Runtime Environment (8.0_151-b12) (build 1.8.0_151-8u151-b12-0ubuntu0.16.04.2-b12)
# Java VM: OpenJDK Server VM (25.151-b12 mixed mode linux-x86 )
Heap:
 def new generation   total 4928K, used 1713K [0x97a00000, 0x97f50000, 0x9cd50000)
  eden space 4416K,  27% used [0x97a00000, 0x97b2c458, 0x97e50000)
  from space 512K,  99% used [0x97e50000, 0x97ecfff8, 0x97ed0000)
  to   space 512K,   0% used [0x97ed0000, 0x97ed0000, 0x97f50000)
 tenured generation   total 10944K, used 1681K [0x9cd50000, 0x9d800000, 0xa7400000)
   the space 10944K,  15% used [0x9cd50000, 0x9cef4778, 0x9cef4800, 0x9d800000)
 Metaspace       used 5722K, capacity 5882K, committed 5912K, reserved 6448K
GC Heap History (10 events):
Event: 2.245 GC heap before
{Heap before GC invocations=1 (full 0):
 def new generation   total 4928K, used 4781K [0x97a00000, 0x97f50000, 0x9cd50000)
  eden space 4416K, 100% used [0x97a00000, 0x97e50000, 0x97e50000)
  from space 512K,  71% used [0x97ed0000, 0x97f2b4a8, 0x97f50000)
  to   space 512K,   0% used [0x97e50000, 0x97e50000, 0x97ed0000)
 tenured generation   total 10944K, used 0K [0x9cd50000, 0x9d800000, 0xa7400000)
   the space 10944K,   0% used [0x9cd50000, 0x9cd50000, 0x9cd50200, 0x9d800000)
 Metaspace       used 2624K, capacity 2758K, committed 2840K, reserved 4400K
Event: 2.290 GC heap after
Heap after GC invocations=2 (full 0):
 def new generation   total 4928K, used 388K [0x97a00000, 0x97f50000, 0x9cd50000)
  eden space 4416K,   0% used [0x97a00000, 0x97a00000, 0x97e50000)
  from space 512K,  75% used [0x97e50000, 0x97eb1180, 0x97ed0000)
  to   space 512K,   0% used [0x97ed0000, 0x97ed0000, 0x97f50000)
 tenured generation   total 10944K, used 317K [0x9cd50000, 0x9d800000, 0xa7400000)
   the space 10944K,   2% used [0x9cd50000, 0x9cd9f7c0, 0x9cd9f800, 0x9d800000)
 Metaspace       used 2624K, capacity 2758K, committed 2840K, reserved 4400K
}
Event: 3.313 GC heap before
{Heap before GC invocations=2 (full 0):
 def new generation   total 4928K, used 4804K [0x97a00000, 0x97f50000, 0x9cd50000)
  eden space 4416K, 100% used [0x97a00000, 0x97e50000, 0x97e50000)
  from space 512K,  75% used [0x97e50000, 0x97eb1180, 0x97ed0000)
  to   space 512K,   0% used [0x97ed0000, 0x97ed0000, 0x97f50000)
 tenured generation   total 10944K, used 317K [0x9cd50000, 0x9d800000, 0xa7400000)
   the space 10944K,   2% used [0x9cd50000, 0x9cd9f7c0, 0x9cd9f800, 0x9d800000)
 Metaspace       used 3197K, capacity 3336K, committed 3352K, reserved 4400K
Event: 3.316 GC heap after
Heap after GC invocations=3 (full 0):
 def new generation   total 4928K, used 512K [0x97a00000, 0x97f50000, 0x9cd50000)
  eden space 4416K,   0% used [0x97a00000, 0x97a00000, 0x97e50000)
  from space 512K, 100% used [0x97ed0000, 0x97f50000, 0x97f50000)
  to   space 512K,   0% used [0x97e50000, 0x97e50000, 0x97ed0000)
 tenured generation   total 10944K, used 716K [0x9cd50000, 0x9d800000, 0xa7400000)
   the space 10944K,   6% used [0x9cd50000, 0x9ce031f0, 0x9ce03200, 0x9d800000)
 Metaspace       used 3197K, capacity 3336K, committed 3352K, reserved 4400K
}
Event: 4.525 GC heap before
{Heap before GC invocations=3 (full 0):
 def new generation   total 4928K, used 4928K [0x97a00000, 0x97f50000, 0x9cd50000)
  eden space 4416K, 100% used [0x97a00000, 0x97e50000, 0x97e50000)
  from space 512K, 100% used [0x97ed0000, 0x97f50000, 0x97f50000)
  to   space 512K,   0% used [0x97e50000, 0x97e50000, 0x97ed0000)
 tenured generation   total 10944K, used 716K [0x9cd50000, 0x9d800000, 0xa7400000)
   the space 10944K,   6% used [0x9cd50000, 0x9ce031f0, 0x9ce03200, 0x9d800000)
 Metaspace       used 3758K, capacity 3912K, committed 3992K, reserved 4400K
Event: 4.537 GC heap after
Heap after GC invocations=4 (full 0):
 def new generation   total 4928K, used 511K [0x97a00000, 0x97f50000, 0x9cd50000)
  eden space 4416K,   0% used [0x97a00000, 0x97a00000, 0x97e50000)
  from space 512K,  99% used [0x97e50000, 0x97ecfff8, 0x97ed0000)
  to   space 512K,   0% used [0x97ed0000, 0x97ed0000, 0x97f50000)
 tenured generation   total 10944K, used 1000K [0x9cd50000, 0x9d800000, 0xa7400000)
   the space 10944K,   9% used [0x9cd50000, 0x9ce4a010, 0x9ce4a200, 0x9d800000)
 Metaspace       used 3758K, capacity 3912K, committed 3992K, reserved 4400K
}
Event: 6.278 GC heap before
{Heap before GC invocations=4 (full 0):
 def new generation   total 4928K, used 4912K [0x97a00000, 0x97f50000, 0x9cd50000)
  eden space 4416K,  99% used [0x97a00000, 0x97e4c320, 0x97e50000)
  from space 512K,  99% used [0x97e50000, 0x97ecfff8, 0x97ed0000)
  to   space 512K,   0% used [0x97ed0000, 0x97ed0000, 0x97f50000)
 tenured generation   total 10944K, used 1000K [0x9cd50000, 0x9d800000, 0xa7400000)
   the space 10944K,   9% used [0x9cd50000, 0x9ce4a010, 0x9ce4a200, 0x9d800000)
 Metaspace       used 4381K, capacity 4520K, committed 4632K, reserved 5424K
Event: 6.290 GC heap after
Heap after GC invocations=5 (full 0):
 def new generation   total 4928K, used 511K [0x97a00000, 0x97f50000, 0x9cd50000)
  eden space 4416K,   0% used [0x97a00000, 0x97a00000, 0x97e50000)
  from space 512K,  99% used [0x97ed0000, 0x97f4fff8, 0x97f50000)
  to   space 512K,   0% used [0x97e50000, 0x97e50000, 0x97ed0000)
 tenured generation   total 10944K, used 1354K [0x9cd50000, 0x9d800000, 0xa7400000)
   the space 10944K,  12% used [0x9cd50000, 0x9cea2b20, 0x9cea2c00, 0x9d800000)
 Metaspace       used 4381K, capacity 4520K, committed 4632K, reserved 5424K
}
Event: 7.660 GC heap before
{Heap before GC invocations=5 (full 0):
 def new generation   total 4928K, used 4927K [0x97a00000, 0x97f50000, 0x9cd50000)
  eden space 4416K, 100% used [0x97a00000, 0x97e50000, 0x97e50000)
  from space 512K,  99% used [0x97ed0000, 0x97f4fff8, 0x97f50000)
  to   space 512K,   0% used [0x97e50000, 0x97e50000, 0x97ed0000)
 tenured generation   total 10944K, used 1354K [0x9cd50000, 0x9d800000, 0xa7400000)
   the space 10944K,  12% used [0x9cd50000, 0x9cea2b20, 0x9cea2c00, 0x9d800000)
 Metaspace       used 5212K, capacity 5402K, committed 5528K, reserved 6448K
Event: 7.702 GC heap after
Heap after GC invocations=6 (full 0):
 def new generation   total 4928K, used 511K [0x97a00000, 0x97f50000, 0x9cd50000)
  eden space 4416K,   0% used [0x97a00000, 0x97a00000, 0x97e50000)
  from space 512K,  99% used [0x97e50000, 0x97ecfff8, 0x97ed0000)
  to   space 512K,   0% used [0x97ed0000, 0x97ed0000, 0x97f50000)
 tenured generation   total 10944K, used 1681K [0x9cd50000, 0x9d800000, 0xa7400000)
   the space 10944K,  15% used [0x9cd50000, 0x9cef4778, 0x9cef4800, 0x9d800000)
 Metaspace       used 5212K, capacity 5402K, committed 5528K, reserved 6448K
}

