# JRE version: OpenJDK Runtime Environment (8.0_151-b12) (build 1.8.0_151-8u151-b12-0ubuntu0.16.04.2-b12)
# Java VM: OpenJDK Server VM (25.151-b12 mixed mode linux-x86 )
Heap:
 def new generation   total 4928K, used 2182K [0x97c00000, 0x98150000, 0x9cf50000)
  eden space 4416K,  37% used [0x97c00000, 0x97da1868, 0x98050000)
  from space 512K, 100% used [0x98050000, 0x980d0000, 0x980d0000)
  to   space 512K,   0% used [0x980d0000, 0x980d0000, 0x98150000)
 tenured generation   total 10944K, used 1612K [0x9cf50000, 0x9da00000, 0xa7600000)
   the space 10944K,  14% used [0x9cf50000, 0x9d0e3370, 0x9d0e3400, 0x9da00000)
 Metaspace       used 5850K, capacity 6010K, committed 6040K, reserved 6448K
GC Heap History (10 events):
Event: 9.026 GC heap before
{Heap before GC invocations=1 (full 0):
 def new generation   total 4928K, used 4794K [0x97c00000, 0x98150000, 0x9cf50000)
  eden space 4416K, 100% used [0x97c00000, 0x98050000, 0x98050000)
  from space 512K,  73% used [0x980d0000, 0x9812ea38, 0x98150000)
  to   space 512K,   0% used [0x98050000, 0x98050000, 0x980d0000)
 tenured generation   total 10944K, used 0K [0x9cf50000, 0x9da00000, 0xa7600000)
   the space 10944K,   0% used [0x9cf50000, 0x9cf50000, 0x9cf50200, 0x9da00000)
 Metaspace       used 2609K, capacity 2758K, committed 2840K, reserved 4400K
Event: 9.047 GC heap after
Heap after GC invocations=2 (full 0):
 def new generation   total 4928K, used 364K [0x97c00000, 0x98150000, 0x9cf50000)
  eden space 4416K,   0% used [0x97c00000, 0x97c00000, 0x98050000)
  from space 512K,  71% used [0x98050000, 0x980ab268, 0x980d0000)
  to   space 512K,   0% used [0x980d0000, 0x980d0000, 0x98150000)
 tenured generation   total 10944K, used 318K [0x9cf50000, 0x9da00000, 0xa7600000)
   the space 10944K,   2% used [0x9cf50000, 0x9cf9f998, 0x9cf9fa00, 0x9da00000)
 Metaspace       used 2609K, capacity 2758K, committed 2840K, reserved 4400K
}
Event: 10.220 GC heap before
{Heap before GC invocations=2 (full 0):
 def new generation   total 4928K, used 4780K [0x97c00000, 0x98150000, 0x9cf50000)
  eden space 4416K, 100% used [0x97c00000, 0x98050000, 0x98050000)
  from space 512K,  71% used [0x98050000, 0x980ab268, 0x980d0000)
  to   space 512K,   0% used [0x980d0000, 0x980d0000, 0x98150000)
 tenured generation   total 10944K, used 318K [0x9cf50000, 0x9da00000, 0xa7600000)
   the space 10944K,   2% used [0x9cf50000, 0x9cf9f998, 0x9cf9fa00, 0x9da00000)
 Metaspace       used 3187K, capacity 3336K, committed 3352K, reserved 4400K
Event: 10.234 GC heap after
Heap after GC invocations=3 (full 0):
 def new generation   total 4928K, used 511K [0x97c00000, 0x98150000, 0x9cf50000)
  eden space 4416K,   0% used [0x97c00000, 0x97c00000, 0x98050000)
  from space 512K,  99% used [0x980d0000, 0x9814fff8, 0x98150000)
  to   space 512K,   0% used [0x98050000, 0x98050000, 0x980d0000)
 tenured generation   total 10944K, used 719K [0x9cf50000, 0x9da00000, 0xa7600000)
   the space 10944K,   6% used [0x9cf50000, 0x9d003fa8, 0x9d004000, 0x9da00000)
 Metaspace       used 3187K, capacity 3336K, committed 3352K, reserved 4400K
}
Event: 11.538 GC heap before
{Heap before GC invocations=3 (full 0):
 def new generation   total 4928K, used 4927K [0x97c00000, 0x98150000, 0x9cf50000)
  eden space 4416K, 100% used [0x97c00000, 0x98050000, 0x98050000)
  from space 512K,  99% used [0x980d0000, 0x9814fff8, 0x98150000)
  to   space 512K,   0% used [0x98050000, 0x98050000, 0x980d0000)
 tenured generation   total 10944K, used 719K [0x9cf50000, 0x9da00000, 0xa7600000)
   the space 10944K,   6% used [0x9cf50000, 0x9d003fa8, 0x9d004000, 0x9da00000)
 Metaspace       used 3741K, capacity 3880K, committed 3992K, reserved 4400K
Event: 11.577 GC heap after
Heap after GC invocations=4 (full 0):
 def new generation   total 4928K, used 511K [0x97c00000, 0x98150000, 0x9cf50000)
  eden space 4416K,   0% used [0x97c00000, 0x97c00000, 0x98050000)
  from space 512K,  99% used [0x98050000, 0x980cfff8, 0x980d0000)
  to   space 512K,   0% used [0x980d0000, 0x980d0000, 0x98150000)
 tenured generation   total 10944K, used 1002K [0x9cf50000, 0x9da00000, 0xa7600000)
   the space 10944K,   9% used [0x9cf50000, 0x9d04abd0, 0x9d04ac00, 0x9da00000)
 Metaspace       used 3741K, capacity 3880K, committed 3992K, reserved 4400K
}
Event: 12.652 GC heap before
{Heap before GC invocations=4 (full 0):
 def new generation   total 4928K, used 4926K [0x97c00000, 0x98150000, 0x9cf50000)
  eden space 4416K,  99% used [0x97c00000, 0x9804fb40, 0x98050000)
  from space 512K,  99% used [0x98050000, 0x980cfff8, 0x980d0000)
  to   space 512K,   0% used [0x980d0000, 0x980d0000, 0x98150000)
 tenured generation   total 10944K, used 1002K [0x9cf50000, 0x9da00000, 0xa7600000)
   the space 10944K,   9% used [0x9cf50000, 0x9d04abd0, 0x9d04ac00, 0x9da00000)
 Metaspace       used 4373K, capacity 4520K, committed 4632K, reserved 5424K
Event: 13.004 GC heap after
Heap after GC invocations=5 (full 0):
 def new generation   total 4928K, used 512K [0x97c00000, 0x98150000, 0x9cf50000)
  eden space 4416K,   0% used [0x97c00000, 0x97c00000, 0x98050000)
  from space 512K, 100% used [0x980d0000, 0x98150000, 0x98150000)
  to   space 512K,   0% used [0x98050000, 0x98050000, 0x980d0000)
 tenured generation   total 10944K, used 1318K [0x9cf50000, 0x9da00000, 0xa7600000)
   the space 10944K,  12% used [0x9cf50000, 0x9d099b40, 0x9d099c00, 0x9da00000)
 Metaspace       used 4373K, capacity 4520K, committed 4632K, reserved 5424K
}
Event: 14.996 GC heap before
{Heap before GC invocations=5 (full 0):
 def new generation   total 4928K, used 4928K [0x97c00000, 0x98150000, 0x9cf50000)
  eden space 4416K, 100% used [0x97c00000, 0x98050000, 0x98050000)
  from space 512K, 100% used [0x980d0000, 0x98150000, 0x98150000)
  to   space 512K,   0% used [0x98050000, 0x98050000, 0x980d0000)
 tenured generation   total 10944K, used 1318K [0x9cf50000, 0x9da00000, 0xa7600000)
   the space 10944K,  12% used [0x9cf50000, 0x9d099b40, 0x9d099c00, 0x9da00000)
 Metaspace       used 5178K, capacity 5338K, committed 5400K, reserved 5424K
Event: 15.008 GC heap after
Heap after GC invocations=6 (full 0):
 def new generation   total 4928K, used 512K [0x97c00000, 0x98150000, 0x9cf50000)
  eden space 4416K,   0% used [0x97c00000, 0x97c00000, 0x98050000)
  from space 512K, 100% used [0x98050000, 0x980d0000, 0x980d0000)
  to   space 512K,   0% used [0x980d0000, 0x980d0000, 0x98150000)
 tenured generation   total 10944K, used 1612K [0x9cf50000, 0x9da00000, 0xa7600000)
   the space 10944K,  14% used [0x9cf50000, 0x9d0e3370, 0x9d0e3400, 0x9da00000)
 Metaspace       used 5178K, capacity 5338K, committed 5400K, reserved 5424K
}

