# JRE version: OpenJDK Runtime Environment (8.0_151-b12) (build 1.8.0_151-8u151-b12-0ubuntu0.16.04.2-b12)
# Java VM: OpenJDK Server VM (25.151-b12 mixed mode linux-x86 )
Heap:
 def new generation   total 4928K, used 1394K [0x97c00000, 0x98150000, 0x9cf50000)
  eden space 4416K,  19% used [0x97c00000, 0x97cdc880, 0x98050000)
  from space 512K,  99% used [0x98050000, 0x980cfff8, 0x980d0000)
  to   space 512K,   0% used [0x980d0000, 0x980d0000, 0x98150000)
 tenured generation   total 10944K, used 1674K [0x9cf50000, 0x9da00000, 0xa7600000)
   the space 10944K,  15% used [0x9cf50000, 0x9d0f29f0, 0x9d0f2a00, 0x9da00000)
 Metaspace       used 5592K, capacity 5754K, committed 5784K, reserved 6448K
GC Heap History (10 events):
Event: 2.244 GC heap before
{Heap before GC invocations=1 (full 0):
 def new generation   total 4928K, used 4781K [0x97c00000, 0x98150000, 0x9cf50000)
  eden space 4416K, 100% used [0x97c00000, 0x98050000, 0x98050000)
  from space 512K,  71% used [0x980d0000, 0x9812b470, 0x98150000)
  to   space 512K,   0% used [0x98050000, 0x98050000, 0x980d0000)
 tenured generation   total 10944K, used 0K [0x9cf50000, 0x9da00000, 0xa7600000)
   the space 10944K,   0% used [0x9cf50000, 0x9cf50000, 0x9cf50200, 0x9da00000)
 Metaspace       used 2615K, capacity 2758K, committed 2840K, reserved 4400K
Event: 2.291 GC heap after
Heap after GC invocations=2 (full 0):
 def new generation   total 4928K, used 388K [0x97c00000, 0x98150000, 0x9cf50000)
  eden space 4416K,   0% used [0x97c00000, 0x97c00000, 0x98050000)
  from space 512K,  75% used [0x98050000, 0x980b1200, 0x980d0000)
  to   space 512K,   0% used [0x980d0000, 0x980d0000, 0x98150000)
 tenured generation   total 10944K, used 317K [0x9cf50000, 0x9da00000, 0xa7600000)
   the space 10944K,   2% used [0x9cf50000, 0x9cf9f788, 0x9cf9f800, 0x9da00000)
 Metaspace       used 2615K, capacity 2758K, committed 2840K, reserved 4400K
}
Event: 3.305 GC heap before
{Heap before GC invocations=2 (full 0):
 def new generation   total 4928K, used 4804K [0x97c00000, 0x98150000, 0x9cf50000)
  eden space 4416K, 100% used [0x97c00000, 0x98050000, 0x98050000)
  from space 512K,  75% used [0x98050000, 0x980b1200, 0x980d0000)
  to   space 512K,   0% used [0x980d0000, 0x980d0000, 0x98150000)
 tenured generation   total 10944K, used 317K [0x9cf50000, 0x9da00000, 0xa7600000)
   the space 10944K,   2% used [0x9cf50000, 0x9cf9f788, 0x9cf9f800, 0x9da00000)
 Metaspace       used 3191K, capacity 3336K, committed 3352K, reserved 4400K
Event: 3.316 GC heap after
Heap after GC invocations=3 (full 0):
 def new generation   total 4928K, used 512K [0x97c00000, 0x98150000, 0x9cf50000)
  eden space 4416K,   0% used [0x97c00000, 0x97c00000, 0x98050000)
  from space 512K, 100% used [0x980d0000, 0x98150000, 0x98150000)
  to   space 512K,   0% used [0x98050000, 0x98050000, 0x980d0000)
 tenured generation   total 10944K, used 716K [0x9cf50000, 0x9da00000, 0xa7600000)
   the space 10944K,   6% used [0x9cf50000, 0x9d0031d0, 0x9d003200, 0x9da00000)
 Metaspace       used 3191K, capacity 3336K, committed 3352K, reserved 4400K
}
Event: 4.555 GC heap before
{Heap before GC invocations=3 (full 0):
 def new generation   total 4928K, used 4928K [0x97c00000, 0x98150000, 0x9cf50000)
  eden space 4416K, 100% used [0x97c00000, 0x98050000, 0x98050000)
  from space 512K, 100% used [0x980d0000, 0x98150000, 0x98150000)
  to   space 512K,   0% used [0x98050000, 0x98050000, 0x980d0000)
 tenured generation   total 10944K, used 716K [0x9cf50000, 0x9da00000, 0xa7600000)
   the space 10944K,   6% used [0x9cf50000, 0x9d0031d0, 0x9d003200, 0x9da00000)
 Metaspace       used 3747K, capacity 3912K, committed 3992K, reserved 4400K
Event: 4.560 GC heap after
Heap after GC invocations=4 (full 0):
 def new generation   total 4928K, used 511K [0x97c00000, 0x98150000, 0x9cf50000)
  eden space 4416K,   0% used [0x97c00000, 0x97c00000, 0x98050000)
  from space 512K,  99% used [0x98050000, 0x980cfff8, 0x980d0000)
  to   space 512K,   0% used [0x980d0000, 0x980d0000, 0x98150000)
 tenured generation   total 10944K, used 999K [0x9cf50000, 0x9da00000, 0xa7600000)
   the space 10944K,   9% used [0x9cf50000, 0x9d049dc0, 0x9d049e00, 0x9da00000)
 Metaspace       used 3747K, capacity 3912K, committed 3992K, reserved 4400K
}
Event: 6.278 GC heap before
{Heap before GC invocations=4 (full 0):
 def new generation   total 4928K, used 4924K [0x97c00000, 0x98150000, 0x9cf50000)
  eden space 4416K,  99% used [0x97c00000, 0x9804f108, 0x98050000)
  from space 512K,  99% used [0x98050000, 0x980cfff8, 0x980d0000)
  to   space 512K,   0% used [0x980d0000, 0x980d0000, 0x98150000)
 tenured generation   total 10944K, used 999K [0x9cf50000, 0x9da00000, 0xa7600000)
   the space 10944K,   9% used [0x9cf50000, 0x9d049dc0, 0x9d049e00, 0x9da00000)
 Metaspace       used 4374K, capacity 4520K, committed 4632K, reserved 5424K
Event: 6.290 GC heap after
Heap after GC invocations=5 (full 0):
 def new generation   total 4928K, used 511K [0x97c00000, 0x98150000, 0x9cf50000)
  eden space 4416K,   0% used [0x97c00000, 0x97c00000, 0x98050000)
  from space 512K,  99% used [0x980d0000, 0x9814fff8, 0x98150000)
  to   space 512K,   0% used [0x98050000, 0x98050000, 0x980d0000)
 tenured generation   total 10944K, used 1353K [0x9cf50000, 0x9da00000, 0xa7600000)
   the space 10944K,  12% used [0x9cf50000, 0x9d0a2700, 0x9d0a2800, 0x9da00000)
 Metaspace       used 4374K, capacity 4520K, committed 4632K, reserved 5424K
}
Event: 7.646 GC heap before
{Heap before GC invocations=5 (full 0):
 def new generation   total 4928K, used 4927K [0x97c00000, 0x98150000, 0x9cf50000)
  eden space 4416K, 100% used [0x97c00000, 0x98050000, 0x98050000)
  from space 512K,  99% used [0x980d0000, 0x9814fff8, 0x98150000)
  to   space 512K,   0% used [0x98050000, 0x98050000, 0x980d0000)
 tenured generation   total 10944K, used 1353K [0x9cf50000, 0x9da00000, 0xa7600000)
   the space 10944K,  12% used [0x9cf50000, 0x9d0a2700, 0x9d0a2800, 0x9da00000)
 Metaspace       used 5209K, capacity 5402K, committed 5528K, reserved 6448K
Event: 7.701 GC heap after
Heap after GC invocations=6 (full 0):
 def new generation   total 4928K, used 511K [0x97c00000, 0x98150000, 0x9cf50000)
  eden space 4416K,   0% used [0x97c00000, 0x97c00000, 0x98050000)
  from space 512K,  99% used [0x98050000, 0x980cfff8, 0x980d0000)
  to   space 512K,   0% used [0x980d0000, 0x980d0000, 0x98150000)
 tenured generation   total 10944K, used 1674K [0x9cf50000, 0x9da00000, 0xa7600000)
   the space 10944K,  15% used [0x9cf50000, 0x9d0f29f0, 0x9d0f2a00, 0x9da00000)
 Metaspace       used 5209K, capacity 5402K, committed 5528K, reserved 6448K
}

